<?xml version="1.0" encoding="UTF-8"?>
<!-- Generated by org.testng.reporters.JUnitReportReporter -->
<testsuite hostname="DESKTOP-5A7KV0R" failures="0" tests="1" name="tests.DashboardTest" time="0.010" errors="0" timestamp="2024-05-31T15:11:46 AEST" skipped="0">
  <testcase classname="tests.DashboardTest" name="sampleTest" time="0.010"/>
</testsuite> <!-- tests.DashboardTest -->
