<?xml version="1.0" encoding="UTF-8"?>
<!-- Generated by org.testng.reporters.JUnitReportReporter -->
<testsuite hostname="DESKTOP-5A7KV0R" failures="0" tests="1" name="tests.BaseClass" time="0.015" errors="0" timestamp="2024-05-31T11:48:03 AEST" skipped="0">
  <testcase classname="tests.BaseClass" name="sampleTest" time="0.015"/>
</testsuite> <!-- tests.BaseClass -->
